Using pre-set license
Built from '2022.3/staging' branch; Version is '2022.3.7f1 (b16b3b16c7a0) revision 11627323'; Using compiler version '192829333'; Build Type 'Release'
OS: 'Windows 11  (10.0.22631) 64bit CoreSingleLanguage' Language: 'en' Physical Memory: 16163 MB
BatchMode: 1, IsHumanControllingUs: 0, StartBugReporterOnCrash: 0, Is64bit: 1, IsPro: 1

COMMAND LINE ARGUMENTS:
D:\Unity\UnityEnv\Unity 2022.3.7f1\Editor\Unity.exe
-adb2
-batchMode
-noUpm
-name
AssetImportWorker2
-projectPath
C:/Users/PRANSHU CHOUBEY/Documents/7th sem/vr-firefighter-simulator-main/vr-firefighter-simulator-main
-logFile
Logs/AssetImportWorker2.log
-srvPort
56326
Successfully changed project path to: C:/Users/PRANSHU CHOUBEY/Documents/7th sem/vr-firefighter-simulator-main/vr-firefighter-simulator-main
C:/Users/PRANSHU CHOUBEY/Documents/7th sem/vr-firefighter-simulator-main/vr-firefighter-simulator-main
[UnityMemory] Configuration Parameters - Can be set up in boot.config
    "memorysetup-bucket-allocator-granularity=16"
    "memorysetup-bucket-allocator-bucket-count=8"
    "memorysetup-bucket-allocator-block-size=33554432"
    "memorysetup-bucket-allocator-block-count=8"
    "memorysetup-main-allocator-block-size=16777216"
    "memorysetup-thread-allocator-block-size=16777216"
    "memorysetup-gfx-main-allocator-block-size=16777216"
    "memorysetup-gfx-thread-allocator-block-size=16777216"
    "memorysetup-cache-allocator-block-size=4194304"
    "memorysetup-typetree-allocator-block-size=2097152"
    "memorysetup-profiler-bucket-allocator-granularity=16"
    "memorysetup-profiler-bucket-allocator-bucket-count=8"
    "memorysetup-profiler-bucket-allocator-block-size=33554432"
    "memorysetup-profiler-bucket-allocator-block-count=8"
    "memorysetup-profiler-allocator-block-size=16777216"
    "memorysetup-profiler-editor-allocator-block-size=1048576"
    "memorysetup-temp-allocator-size-main=16777216"
    "memorysetup-job-temp-allocator-block-size=2097152"
    "memorysetup-job-temp-allocator-block-size-background=1048576"
    "memorysetup-job-temp-allocator-reduction-small-platforms=262144"
    "memorysetup-allocator-temp-initial-block-size-main=262144"
    "memorysetup-allocator-temp-initial-block-size-worker=262144"
    "memorysetup-temp-allocator-size-background-worker=32768"
    "memorysetup-temp-allocator-size-job-worker=262144"
    "memorysetup-temp-allocator-size-preload-manager=33554432"
    "memorysetup-temp-allocator-size-nav-mesh-worker=65536"
    "memorysetup-temp-allocator-size-audio-worker=65536"
    "memorysetup-temp-allocator-size-cloud-worker=32768"
    "memorysetup-temp-allocator-size-gi-baking-worker=262144"
    "memorysetup-temp-allocator-size-gfx=262144"
Player connection [6808] Host "[IP] 192.168.111.1 [Port] 0 [Flags] 2 [Guid] 720170424 [EditorId] 720170424 [Version] 1048832 [Id] WindowsEditor(7,Acer-Nitro-5-911) [Debug] 1 [PackageName] WindowsEditor [ProjectName] Editor" joined multi-casting on [225.0.0.222:54997]...

Player connection [6808] Host "[IP] 192.168.111.1 [Port] 0 [Flags] 2 [Guid] 720170424 [EditorId] 720170424 [Version] 1048832 [Id] WindowsEditor(7,Acer-Nitro-5-911) [Debug] 1 [PackageName] WindowsEditor [ProjectName] Editor" joined alternative multi-casting on [225.0.0.222:34997]...

Refreshing native plugins compatible for Editor in 20.49 ms, found 9 plugins.
Preloading 1 native plugins for Editor in 0.44 ms.
Initialize engine version: 2022.3.7f1 (b16b3b16c7a0)
[Subsystems] Discovering subsystems at path D:/Unity/UnityEnv/Unity 2022.3.7f1/Editor/Data/Resources/UnitySubsystems
[Subsystems] Discovering subsystems at path C:/Users/PRANSHU CHOUBEY/Documents/7th sem/vr-firefighter-simulator-main/vr-firefighter-simulator-main/Assets
GfxDevice: creating device client; threaded=0; jobified=0
Direct3D:
    Version:  Direct3D 11.0 [level 11.1]
    Renderer: NVIDIA GeForce RTX 3050 Laptop GPU (ID=0x25a5)
    Vendor:   NVIDIA
    VRAM:     3977 MB
    Driver:   31.0.15.4617
Initialize mono
Mono path[0] = 'D:/Unity/UnityEnv/Unity 2022.3.7f1/Editor/Data/Managed'
Mono path[1] = 'D:/Unity/UnityEnv/Unity 2022.3.7f1/Editor/Data/MonoBleedingEdge/lib/mono/unityjit-win32'
Mono config path = 'D:/Unity/UnityEnv/Unity 2022.3.7f1/Editor/Data/MonoBleedingEdge/etc'
Using monoOptions --debugger-agent=transport=dt_socket,embedding=1,server=y,suspend=n,address=127.0.0.1:56068
Begin MonoManager ReloadAssembly
Registering precompiled unity dll's ...
Register platform support module: D:/Unity/UnityEnv/Unity 2022.3.7f1/Editor/Data/PlaybackEngines/WindowsStandaloneSupport/UnityEditor.WindowsStandalone.Extensions.dll
Registered in 0.002528 seconds.
- Loaded All Assemblies, in  0.290 seconds
Native extension for WindowsStandalone target not found
Mono: successfully reloaded assembly
- Finished resetting the current domain, in  0.227 seconds
Domain Reload Profiling: 517ms
	BeginReloadAssembly (89ms)
		ExecutionOrderSort (0ms)
		DisableScriptedObjects (0ms)
		BackupInstance (0ms)
		ReleaseScriptingObjects (0ms)
		CreateAndSetChildDomain (1ms)
	RebuildCommonClasses (31ms)
	RebuildNativeTypeToScriptingClass (9ms)
	initialDomainReloadingComplete (41ms)
	LoadAllAssembliesAndSetupDomain (119ms)
		LoadAssemblies (89ms)
		RebuildTransferFunctionScriptingTraits (0ms)
		AnalyzeDomain (118ms)
			TypeCache.Refresh (116ms)
				TypeCache.ScanAssembly (104ms)
			ScanForSourceGeneratedMonoScriptInfo (0ms)
			ResolveRequiredComponents (0ms)
	FinalizeReload (227ms)
		ReleaseScriptCaches (0ms)
		RebuildScriptCaches (0ms)
		SetupLoadedEditorAssemblies (174ms)
			LogAssemblyErrors (0ms)
			InitializePlatformSupportModulesInManaged (7ms)
			SetLoadedEditorAssemblies (7ms)
			RefreshPlugins (0ms)
			BeforeProcessingInitializeOnLoad (2ms)
			ProcessInitializeOnLoadAttributes (117ms)
			ProcessInitializeOnLoadMethodAttributes (42ms)
			AfterProcessingInitializeOnLoad (0ms)
			EditorAssembliesLoaded (0ms)
		ExecutionOrderSort2 (0ms)
		AwakeInstancesAfterBackupRestoration (0ms)
========================================================================
Worker process is ready to serve import requests
Begin MonoManager ReloadAssembly
- Loaded All Assemblies, in  0.558 seconds
Refreshing native plugins compatible for Editor in 12.62 ms, found 9 plugins.
Native extension for WindowsStandalone target not found
Package Manager log level set to [2]
[Package Manager] Server::EnsureServerProcessIsRunning -- launch failed, reason: Unity was launched with the -noUpm command-line argument
[Package Manager] UpmClient::Send -- Unable to send message (not connected to UPM process).
[Package Manager] Cannot connect to Unity Package Manager local server
Mono: successfully reloaded assembly
[Package Manager] Server::EnsureServerProcessIsRunning -- launch failed, reason: Unity was launched with the -noUpm command-line argument
[Package Manager] UpmClient::Send -- Unable to send message (not connected to UPM process).
[Package Manager] Cannot connect to Unity Package Manager local server
[Package Manager] Server::EnsureServerProcessIsRunning -- launch failed, reason: Unity was launched with the -noUpm command-line argument
[Package Manager] UpmClient::Send -- Unable to send message (not connected to UPM process).
[Package Manager] Cannot connect to Unity Package Manager local server
- Finished resetting the current domain, in  0.511 seconds
Domain Reload Profiling: 1066ms
	BeginReloadAssembly (109ms)
		ExecutionOrderSort (0ms)
		DisableScriptedObjects (4ms)
		BackupInstance (0ms)
		ReleaseScriptingObjects (0ms)
		CreateAndSetChildDomain (19ms)
	RebuildCommonClasses (26ms)
	RebuildNativeTypeToScriptingClass (8ms)
	initialDomainReloadingComplete (28ms)
	LoadAllAssembliesAndSetupDomain (384ms)
		LoadAssemblies (267ms)
		RebuildTransferFunctionScriptingTraits (0ms)
		AnalyzeDomain (178ms)
			TypeCache.Refresh (150ms)
				TypeCache.ScanAssembly (132ms)
			ScanForSourceGeneratedMonoScriptInfo (22ms)
			ResolveRequiredComponents (4ms)
	FinalizeReload (511ms)
		ReleaseScriptCaches (0ms)
		RebuildScriptCaches (0ms)
		SetupLoadedEditorAssemblies (388ms)
			LogAssemblyErrors (0ms)
			InitializePlatformSupportModulesInManaged (3ms)
			SetLoadedEditorAssemblies (3ms)
			RefreshPlugins (0ms)
			BeforeProcessingInitializeOnLoad (63ms)
			ProcessInitializeOnLoadAttributes (205ms)
			ProcessInitializeOnLoadMethodAttributes (112ms)
			AfterProcessingInitializeOnLoad (2ms)
			EditorAssembliesLoaded (0ms)
		ExecutionOrderSort2 (0ms)
		AwakeInstancesAfterBackupRestoration (4ms)
Launched and connected shader compiler UnityShaderCompiler.exe after 0.05 seconds
Refreshing native plugins compatible for Editor in 15.45 ms, found 9 plugins.
Preloading 1 native plugins for Editor in 0.05 ms.
Unloading 4803 Unused Serialized files (Serialized files now loaded: 0)
Unloading 113 unused Assets / (1.3 MB). Loaded Objects now: 5210.
Memory consumption went from 240.0 MB to 238.7 MB.
Total: 7.919100 ms (FindLiveObjects: 0.389000 ms CreateObjectMapping: 0.153400 ms MarkObjects: 6.969500 ms  DeleteObjects: 0.405500 ms)

AssetImportParameters requested are different than current active one (requested -> active):
  custom:container-demuxer-ogg: 62fdf1f143b41e24485cea50d1cbac27 -> 
  custom:video-decoder-ogg-theora: a1e56fd34408186e4bbccfd4996cb3dc -> 
  custom:framework-win-MediaFoundation: 216162199b28c13a410421893ffa2e32 -> 
  custom:CustomObjectIndexerAttribute: 756ad292c208cfabdd7b50bc23989ffe -> 
  custom:container-demuxer-webm: 4f35f7cbe854078d1ac9338744f61a02 -> 
  custom:container-muxer-webm: aa71ff27fc2769a1b78a27578f13a17b -> 
  custom:video-decoder-webm-vp8: 9c59270c3fd7afecdb556c50c9e8de78 -> 
  custom:SearchIndexIgnoredProperties: e643bd26f0fe6173181afceb89e7c659 -> 
  custom:AudioImporter_EditorPlatform: d09bf68614088b80899f8185d706f6e7 -> 
  custom:video-encoder-webm-vp8: eb34c28f22e8b96e1ab97ce403110664 -> 
  custom:audio-decoder-ogg-vorbis: bf7c407c2cedff20999df2af8eb42d56 -> 
  custom:audio-encoder-webm-vorbis: bf7c407c2cedff20999df2af8eb42d56 -> 
========================================================================
Received Import Request.
  Time since last request: 1272677.897602 seconds.
  path: Assets/Materials/Smoke.mat
  artifactKey: Guid(ee1d70fc3389e4753a00980baed50c28) Importer(815301076,1909f56bfc062723c751e8b465ee728b)
Start importing Assets/Materials/Smoke.mat using Guid(ee1d70fc3389e4753a00980baed50c28) Importer(815301076,1909f56bfc062723c751e8b465ee728b)  -> (artifact id: 'bde6e598a1bc156dc4eb34cf41fe145d') in 0.145012 seconds
Number of updated asset objects reloaded before import = 0
Number of asset objects unloaded after import = 2
========================================================================
Received Import Request.
  Time since last request: 274.102532 seconds.
  path: Assets/Scripts/Fire/FireController.cs
  artifactKey: Guid(0fd19a8a27a542c45932ea66cb115c58) Importer(815301076,1909f56bfc062723c751e8b465ee728b)
Start importing Assets/Scripts/Fire/FireController.cs using Guid(0fd19a8a27a542c45932ea66cb115c58) Importer(815301076,1909f56bfc062723c751e8b465ee728b)  -> (artifact id: '72af46a94f41a570f6082c448da7ab3e') in 0.000945 seconds
Number of updated asset objects reloaded before import = 0
Number of asset objects unloaded after import = 0
========================================================================
Received Import Request.
  Time since last request: 1043.639698 seconds.
  path: Assets/Materials/Fire/Fire_Alpha 1.mat
  artifactKey: Guid(995d3baa351c3c646b5efbad73f3bd24) Importer(815301076,1909f56bfc062723c751e8b465ee728b)
Start importing Assets/Materials/Fire/Fire_Alpha 1.mat using Guid(995d3baa351c3c646b5efbad73f3bd24) Importer(815301076,1909f56bfc062723c751e8b465ee728b)  -> (artifact id: 'b24cc7d17f575bb5055a3770b84d810b') in 0.222748 seconds
Number of updated asset objects reloaded before import = 0
Number of asset objects unloaded after import = 2
========================================================================
Received Import Request.
  Time since last request: 3.105976 seconds.
  path: Assets/Materials/Fire/Fire_Add 1.mat
  artifactKey: Guid(083f4c75eab3d6e40ac36d1439ac4bcb) Importer(815301076,1909f56bfc062723c751e8b465ee728b)
Start importing Assets/Materials/Fire/Fire_Add 1.mat using Guid(083f4c75eab3d6e40ac36d1439ac4bcb) Importer(815301076,1909f56bfc062723c751e8b465ee728b)  -> (artifact id: 'd06631a361f018aa51ce2dbb06b252cf') in 0.017961 seconds
Number of updated asset objects reloaded before import = 0
Number of asset objects unloaded after import = 2
========================================================================
Received Import Request.
  Time since last request: 1.580841 seconds.
  path: Assets/Materials/Fire/Fire_Glow.mat
  artifactKey: Guid(bc47c27f1b8cc174aad950afe47259d3) Importer(815301076,1909f56bfc062723c751e8b465ee728b)
Start importing Assets/Materials/Fire/Fire_Glow.mat using Guid(bc47c27f1b8cc174aad950afe47259d3) Importer(815301076,1909f56bfc062723c751e8b465ee728b)  -> (artifact id: 'ac929b21e99745fa05a47b0de329c384') in 0.017216 seconds
Number of updated asset objects reloaded before import = 0
Number of asset objects unloaded after import = 1
========================================================================
Received Import Request.
  Time since last request: 0.546794 seconds.
  path: Assets/Materials/Fire/Fire_Sparks.mat
  artifactKey: Guid(672e41e26c7dc924c9bb998924668917) Importer(815301076,1909f56bfc062723c751e8b465ee728b)
Start importing Assets/Materials/Fire/Fire_Sparks.mat using Guid(672e41e26c7dc924c9bb998924668917) Importer(815301076,1909f56bfc062723c751e8b465ee728b)  -> (artifact id: '90c9f1ffa405f8be531bda7e73be6f7c') in 0.020789 seconds
Number of updated asset objects reloaded before import = 0
Number of asset objects unloaded after import = 2
========================================================================
Received Import Request.
  Time since last request: 431.268937 seconds.
  path: Assets/Scenes/FireStationMenu.unity
  artifactKey: Guid(ef3c0e2a0dbf1d649930e170137931a3) Importer(815301076,1909f56bfc062723c751e8b465ee728b)
Start importing Assets/Scenes/FireStationMenu.unity using Guid(ef3c0e2a0dbf1d649930e170137931a3) Importer(815301076,1909f56bfc062723c751e8b465ee728b)  -> (artifact id: 'c824891457cf5da38ac8f0b2ed393493') in 0.001694 seconds
Number of updated asset objects reloaded before import = 0
Number of asset objects unloaded after import = 0
========================================================================
Received Import Request.
  Time since last request: 96.844514 seconds.
  path: Assets/Scenes/GameScene.unity
  artifactKey: Guid(9fc0d4010bbf28b4594072e72b8655ab) Importer(815301076,1909f56bfc062723c751e8b465ee728b)
Start importing Assets/Scenes/GameScene.unity using Guid(9fc0d4010bbf28b4594072e72b8655ab) Importer(815301076,1909f56bfc062723c751e8b465ee728b)  -> (artifact id: '83333bd46faf44f21bde772d74d510f5') in 0.000805 seconds
Number of updated asset objects reloaded before import = 0
Number of asset objects unloaded after import = 0
========================================================================
Received Import Request.
  Time since last request: 862.530751 seconds.
  path: Assets/Scripts/Fire
  artifactKey: Guid(6e050403022d642bcbb777f79ce0e0f2) Importer(815301076,1909f56bfc062723c751e8b465ee728b)
Start importing Assets/Scripts/Fire using Guid(6e050403022d642bcbb777f79ce0e0f2) Importer(815301076,1909f56bfc062723c751e8b465ee728b)  -> (artifact id: '9c438d9f81dd5d112bf2f179af58070d') in 0.004484 seconds
Number of updated asset objects reloaded before import = 0
Number of asset objects unloaded after import = 0
========================================================================
Received Import Request.
  Time since last request: 73.907782 seconds.
  path: Assets/Scripts/Fire/FireVisualsController.cs
  artifactKey: Guid(f742c92c23cdb4c51bb7d099258cdb4b) Importer(815301076,1909f56bfc062723c751e8b465ee728b)
Start importing Assets/Scripts/Fire/FireVisualsController.cs using Guid(f742c92c23cdb4c51bb7d099258cdb4b) Importer(815301076,1909f56bfc062723c751e8b465ee728b)  -> (artifact id: '74b3b6b291fdc814415e4d6db64573d4') in 0.003033 seconds
Number of updated asset objects reloaded before import = 0
Number of asset objects unloaded after import = 0
========================================================================
Received Import Request.
  Time since last request: 14.528206 seconds.
  path: Assets/Scripts/Fire/IFireDependant.cs
  artifactKey: Guid(9924f0e3153e13a41a4f489940e7974b) Importer(815301076,1909f56bfc062723c751e8b465ee728b)
Start importing Assets/Scripts/Fire/IFireDependant.cs using Guid(9924f0e3153e13a41a4f489940e7974b) Importer(815301076,1909f56bfc062723c751e8b465ee728b)  -> (artifact id: '2f6a46d1bc6fd050867c81b7b1b0d133') in 0.001716 seconds
Number of updated asset objects reloaded before import = 0
Number of asset objects unloaded after import = 0
========================================================================
Received Import Request.
  Time since last request: 14.520422 seconds.
  path: Assets/Scripts/State.cs
  artifactKey: Guid(b760a439939fa4191ad8bfbd245a1c85) Importer(815301076,1909f56bfc062723c751e8b465ee728b)
Start importing Assets/Scripts/State.cs using Guid(b760a439939fa4191ad8bfbd245a1c85) Importer(815301076,1909f56bfc062723c751e8b465ee728b)  -> (artifact id: 'd868bbe6961b1d64a05559190f85ac77') in 0.000965 seconds
Number of updated asset objects reloaded before import = 0
Number of asset objects unloaded after import = 0
========================================================================
Received Import Request.
  Time since last request: 9.664821 seconds.
  path: Assets/Scripts/ActionMapper.cs
  artifactKey: Guid(33a73cddf9cb4b549853cc2604eb4462) Importer(815301076,1909f56bfc062723c751e8b465ee728b)
Start importing Assets/Scripts/ActionMapper.cs using Guid(33a73cddf9cb4b549853cc2604eb4462) Importer(815301076,1909f56bfc062723c751e8b465ee728b)  -> (artifact id: '9a96a53f32192a738d7e9b0f3c179220') in 0.001152 seconds
Number of updated asset objects reloaded before import = 0
Number of asset objects unloaded after import = 0
========================================================================
Received Import Request.
  Time since last request: 47.332678 seconds.
  path: Assets/Scripts/VRReticle.cs
  artifactKey: Guid(d344f9b25a61a4aa1a3adf767ec7591d) Importer(815301076,1909f56bfc062723c751e8b465ee728b)
Start importing Assets/Scripts/VRReticle.cs using Guid(d344f9b25a61a4aa1a3adf767ec7591d) Importer(815301076,1909f56bfc062723c751e8b465ee728b)  -> (artifact id: 'a6f8bb4f654572625b379324ffd8631d') in 0.001042 seconds
Number of updated asset objects reloaded before import = 0
Number of asset objects unloaded after import = 0
========================================================================
Received Import Request.
  Time since last request: 128.362630 seconds.
  path: Assets/Scripts/Controllers/AudienceController.cs
  artifactKey: Guid(568674ad8ac51e348a0d5515b1de19c1) Importer(815301076,1909f56bfc062723c751e8b465ee728b)
Start importing Assets/Scripts/Controllers/AudienceController.cs using Guid(568674ad8ac51e348a0d5515b1de19c1) Importer(815301076,1909f56bfc062723c751e8b465ee728b)  -> (artifact id: '8c3045499e46a99df16110ef7039acfc') in 0.002801 seconds
Number of updated asset objects reloaded before import = 0
Number of asset objects unloaded after import = 0
========================================================================
Received Import Request.
  Time since last request: 39.486030 seconds.
  path: Assets/Scripts/Controllers/MenuController.cs
  artifactKey: Guid(c53da9bd7090643d4b7d0ccd6b194446) Importer(815301076,1909f56bfc062723c751e8b465ee728b)
Start importing Assets/Scripts/Controllers/MenuController.cs using Guid(c53da9bd7090643d4b7d0ccd6b194446) Importer(815301076,1909f56bfc062723c751e8b465ee728b)  -> (artifact id: 'f9f243c4f7ba071302bf16e2c94023e7') in 0.002263 seconds
Number of updated asset objects reloaded before import = 0
Number of asset objects unloaded after import = 0
========================================================================
Received Import Request.
  Time since last request: 4.892585 seconds.
  path: Assets/Scripts/Controllers/MouseFollow.cs
  artifactKey: Guid(b91e6930cbf0246f68d24e6dee7e3484) Importer(815301076,1909f56bfc062723c751e8b465ee728b)
Start importing Assets/Scripts/Controllers/MouseFollow.cs using Guid(b91e6930cbf0246f68d24e6dee7e3484) Importer(815301076,1909f56bfc062723c751e8b465ee728b)  -> (artifact id: '7d63b93bbc2bb7483f96437bdfef6bd5') in 0.000941 seconds
Number of updated asset objects reloaded before import = 0
Number of asset objects unloaded after import = 0
========================================================================
Received Import Request.
  Time since last request: 71.919475 seconds.
  path: Assets/Scripts/Controllers/NarratorController.cs
  artifactKey: Guid(22477b3fe64944c5dbacacbd1198ccd7) Importer(815301076,1909f56bfc062723c751e8b465ee728b)
Start importing Assets/Scripts/Controllers/NarratorController.cs using Guid(22477b3fe64944c5dbacacbd1198ccd7) Importer(815301076,1909f56bfc062723c751e8b465ee728b)  -> (artifact id: '184cbe6b002bff13c4ef8d878221d393') in 0.002335 seconds
Number of updated asset objects reloaded before import = 0
Number of asset objects unloaded after import = 0
========================================================================
Received Import Request.
  Time since last request: 4.151620 seconds.
  path: Assets/Scripts/Controllers/SceneController.cs
  artifactKey: Guid(c305fe1c9d7844d07a1a85413211b224) Importer(815301076,1909f56bfc062723c751e8b465ee728b)
Start importing Assets/Scripts/Controllers/SceneController.cs using Guid(c305fe1c9d7844d07a1a85413211b224) Importer(815301076,1909f56bfc062723c751e8b465ee728b)  -> (artifact id: 'e0c193212008355a4b6dd97d15a6c103') in 0.001927 seconds
Number of updated asset objects reloaded before import = 0
Number of asset objects unloaded after import = 0
========================================================================
Received Import Request.
  Time since last request: 147.752533 seconds.
  path: Assets/Scripts/Controllers/SimplePlayerController.cs
  artifactKey: Guid(798f604d5f8c94fec90a419e1e2eb738) Importer(815301076,1909f56bfc062723c751e8b465ee728b)
Start importing Assets/Scripts/Controllers/SimplePlayerController.cs using Guid(798f604d5f8c94fec90a419e1e2eb738) Importer(815301076,1909f56bfc062723c751e8b465ee728b)  -> (artifact id: '92c2c679fff6aeb978ee714c77396d34') in 0.001230 seconds
Number of updated asset objects reloaded before import = 0
Number of asset objects unloaded after import = 0
