
=== Mon Dec  4 19:56:27 2023

Packages were changed.
Update Mode: updateDependencies

The following packages were added:
  com.unity.ads@4.4.2
  com.unity.analytics@3.6.12
  com.unity.purchasing@4.9.3
  com.unity.xr.legacyinputhelpers@2.1.10
The following packages were updated:
  com.unity.collab-proxy from version 1.17.2 to 2.0.5
  com.unity.formats.fbx from version 4.1.2 to 4.1.3
  com.unity.ide.rider from version 3.0.15 to 3.0.24
  com.unity.ide.visualstudio from version 2.0.16 to 2.0.18
  com.unity.visualscripting from version 1.7.8 to 1.8.0

=== Mon Dec  4 20:04:34 2023

Packages were changed.
Update Mode: updateDependencies

The following packages were added:
  com.unity.ai.navigation@1.1.4
The following packages were updated:
  com.unity.analytics from version 3.6.12 to 3.8.1
  com.unity.formats.fbx from version 4.1.3 to 4.2.1
  com.unity.timeline from version 1.7.1 to 1.7.5
